1538731412.017361 select(7, [3 4], [], NULL, NULL) = 1 (in [4])
1538731415.328325 clock_gettime(CLOCK_BOOTTIME, {tv_sec=66045, tv_nsec=587649557}) = 0
1538731415.329450 read(4, "l", 16384)   = 1
1538731415.330340 getpid()              = 66714
1538731415.330819 clock_gettime(CLOCK_BOOTTIME, {tv_sec=66045, tv_nsec=589937666}) = 0
1538731415.331565 clock_gettime(CLOCK_BOOTTIME, {tv_sec=66045, tv_nsec=590653757}) = 0
1538731415.332720 select(7, [3 4], [3], NULL, NULL) = 1 (out [3])
1538731415.334109 clock_gettime(CLOCK_BOOTTIME, {tv_sec=66045, tv_nsec=593191848}) = 0
1538731415.334788 write(3, "\33;\4\17\254k\336f\244\336\23\237\222\316uZpp\234&d\212\27\24)\17I\350\373\34\177'"..., 36) = 36
1538731415.335641 clock_gettime(CLOCK_BOOTTIME, {tv_sec=66045, tv_nsec=594722592}) = 0
1538731415.336393 clock_gettime(CLOCK_BOOTTIME, {tv_sec=66045, tv_nsec=595453597}) = 0
1538731415.337196 select(7, [3 4], [], NULL, NULL) = 1 (in [3])
1538731415.337988 clock_gettime(CLOCK_BOOTTIME, {tv_sec=66045, tv_nsec=597144727}) = 0
1538731415.338361 read(3, "\273F=\250\316\17\35\6\2103\236\237\346$<\357\3\31b\312A\355\6\323ya\323R[F\311\353"..., 8192) = 36
1538731415.338665 clock_gettime(CLOCK_BOOTTIME, {tv_sec=66045, tv_nsec=597753508}) = 0
1538731415.339362 clock_gettime(CLOCK_BOOTTIME, {tv_sec=66045, tv_nsec=598454776}) = 0
1538731415.340037 select(7, [3 4], [5], NULL, NULL) = 1 (out [5])
1538731415.340676 clock_gettime(CLOCK_BOOTTIME, {tv_sec=66045, tv_nsec=599764692}) = 0
1538731415.341579 write(5, "l", 1)      = 1
1538731415.341982 clock_gettime(CLOCK_BOOTTIME, {tv_sec=66045, tv_nsec=601034476}) = 0
1538731415.342277 clock_gettime(CLOCK_BOOTTIME, {tv_sec=66045, tv_nsec=601252734}) = 0
1538731415.343044 select(7, [3 4], [], NULL, NULL) = 1 (in [4])
1538731415.453330 clock_gettime(CLOCK_BOOTTIME, {tv_sec=66045, tv_nsec=712423512}) = 0
1538731415.454164 read(4, "s", 16384)   = 1
1538731415.454880 getpid()              = 66714
1538731415.455540 clock_gettime(CLOCK_BOOTTIME, {tv_sec=66045, tv_nsec=714505234}) = 0
1538731415.455907 clock_gettime(CLOCK_BOOTTIME, {tv_sec=66045, tv_nsec=714999011}) = 0
1538731415.456722 select(7, [3 4], [3], NULL, NULL) = 1 (out [3])
1538731415.457441 clock_gettime(CLOCK_BOOTTIME, {tv_sec=66045, tv_nsec=716636717}) = 0
1538731415.458733 write(3, "\274\240\330\362\2559\246\356\rx\201\226\252\246\276\207<\372\315\304\223\212\352\32\253\325\327'\221\323\2\266"..., 36) = 36
1538731415.459568 clock_gettime(CLOCK_BOOTTIME, {tv_sec=66045, tv_nsec=718653737}) = 0
1538731415.460258 clock_gettime(CLOCK_BOOTTIME, {tv_sec=66045, tv_nsec=719288803}) = 0
1538731415.460865 select(7, [3 4], [], NULL, NULL) = 1 (in [3])
1538731415.461590 clock_gettime(CLOCK_BOOTTIME, {tv_sec=66045, tv_nsec=720751316}) = 0
1538731415.462350 read(3, "\331\23\335\230\215t\3110\345O\22\233!\354\7\223\232\10X(U\253\335\353\355\315\r\342xv\374&"..., 8192) = 36
1538731415.463068 clock_gettime(CLOCK_BOOTTIME, {tv_sec=66045, tv_nsec=722188857}) = 0
1538731415.463815 clock_gettime(CLOCK_BOOTTIME, {tv_sec=66045, tv_nsec=722901802}) = 0
1538731415.464543 select(7, [3 4], [5], NULL, NULL) = 1 (out [5])
1538731415.465339 clock_gettime(CLOCK_BOOTTIME, {tv_sec=66045, tv_nsec=724440708}) = 0
1538731415.466130 write(5, "s", 1)      = 1
1538731415.466494 clock_gettime(CLOCK_BOOTTIME, {tv_sec=66045, tv_nsec=725429887}) = 0
1538731415.466615 clock_gettime(CLOCK_BOOTTIME, {tv_sec=66045, tv_nsec=725559942}) = 0
1538731415.466703 select(7, [3 4], [], NULL, NULL) = 1 (in [4])
1538731416.228665 clock_gettime(CLOCK_BOOTTIME, {tv_sec=66046, tv_nsec=487653396}) = 0
1538731416.229028 read(4, "\r", 16384)  = 1
1538731416.229345 getpid()              = 66714
1538731416.229572 clock_gettime(CLOCK_BOOTTIME, {tv_sec=66046, tv_nsec=488514043}) = 0
1538731416.229722 clock_gettime(CLOCK_BOOTTIME, {tv_sec=66046, tv_nsec=488709585}) = 0
1538731416.229938 select(7, [3 4], [3], NULL, NULL) = 1 (out [3])
1538731416.230268 clock_gettime(CLOCK_BOOTTIME, {tv_sec=66046, tv_nsec=489223139}) = 0
1538731416.230331 write(3, "\374\260\221\twhJ\242Z\3268\23\254\306\21[\207-\34'N=\36\211.S6\250P\266E}"..., 36) = 36
1538731416.230665 clock_gettime(CLOCK_BOOTTIME, {tv_sec=66046, tv_nsec=489610113}) = 0
1538731416.230794 clock_gettime(CLOCK_BOOTTIME, {tv_sec=66046, tv_nsec=489738229}) = 0
1538731416.230920 select(7, [3 4], [], NULL, NULL) = 1 (in [3])
1538731416.231334 clock_gettime(CLOCK_BOOTTIME, {tv_sec=66046, tv_nsec=490306432}) = 0
1538731416.231550 read(3, "{\323\276\253\3627\315\365O\0049\31\205\0100\322\275\315p\231l\242\245\232#\222MgE\250Ce"..., 8192) = 36
1538731416.231723 clock_gettime(CLOCK_BOOTTIME, {tv_sec=66046, tv_nsec=490666599}) = 0
1538731416.231852 clock_gettime(CLOCK_BOOTTIME, {tv_sec=66046, tv_nsec=490825829}) = 0
1538731416.232010 select(7, [3 4], [5], NULL, NULL) = 1 (out [5])
1538731416.232192 clock_gettime(CLOCK_BOOTTIME, {tv_sec=66046, tv_nsec=491210606}) = 0
1538731416.232433 write(5, "\r\n", 2)   = 2
1538731416.232671 clock_gettime(CLOCK_BOOTTIME, {tv_sec=66046, tv_nsec=491648590}) = 0
1538731416.232848 clock_gettime(CLOCK_BOOTTIME, {tv_sec=66046, tv_nsec=491795045}) = 0
1538731416.233807 select(7, [3 4], [], NULL, NULL) = 1 (in [3])
1538731416.234094 clock_gettime(CLOCK_BOOTTIME, {tv_sec=66046, tv_nsec=493147353}) = 0
1538731416.234484 read(3, "\214`\20o\t\374\342\230wYb@\36\204\377\371\374\316\216\363AO\350j\237\274\300u\347\310\253\6"..., 8192) = 296
1538731416.234909 clock_gettime(CLOCK_BOOTTIME, {tv_sec=66046, tv_nsec=493920412}) = 0
1538731416.235277 clock_gettime(CLOCK_BOOTTIME, {tv_sec=66046, tv_nsec=494238123}) = 0
1538731416.235469 select(7, [3 4], [5], NULL, NULL) = 1 (out [5])
1538731416.235753 clock_gettime(CLOCK_BOOTTIME, {tv_sec=66046, tv_nsec=494837919}) = 0
1538731416.236073 write(5, "examples.desktop  \33[0m\33[01;34m\345\205"..., 225) = 225
1538731416.236596 clock_gettime(CLOCK_BOOTTIME, {tv_sec=66046, tv_nsec=495516906}) = 0
1538731416.236624 clock_gettime(CLOCK_BOOTTIME, {tv_sec=66046, tv_nsec=495542645}) = 0
1538731416.236644 select(7, [3 4], [], NULL, NULL) = 1 (in [4])
1538731417.758794 clock_gettime(CLOCK_BOOTTIME, {tv_sec=66048, tv_nsec=17724135}) = 0
1538731417.758850 read(4, "p", 16384)   = 1
1538731417.758913 getpid()              = 66714
1538731417.758958 clock_gettime(CLOCK_BOOTTIME, {tv_sec=66048, tv_nsec=17883461}) = 0
1538731417.759002 clock_gettime(CLOCK_BOOTTIME, {tv_sec=66048, tv_nsec=17927572}) = 0
1538731417.759046 select(7, [3 4], [3], NULL, NULL) = 1 (out [3])
1538731417.759109 clock_gettime(CLOCK_BOOTTIME, {tv_sec=66048, tv_nsec=18034718}) = 0
1538731417.759153 write(3, "\226\\\276\211=\304\223\10\321g\311\202\213o\261m\376\317\34\21\257V\336\4\347\373\345\3345S\260\20"..., 36) = 36
1538731417.759405 clock_gettime(CLOCK_BOOTTIME, {tv_sec=66048, tv_nsec=18352634}) = 0
1538731417.759489 clock_gettime(CLOCK_BOOTTIME, {tv_sec=66048, tv_nsec=18415580}) = 0
1538731417.759537 select(7, [3 4], [], NULL, NULL) = 1 (in [3])
1538731417.760852 clock_gettime(CLOCK_BOOTTIME, {tv_sec=66048, tv_nsec=19781266}) = 0
1538731417.760907 read(3, ":\242\201\30\10\274\371B\23\361?}\230z.\253\202&I\1\305\253\372\336R\327!\355\0\341\271\227"..., 8192) = 36
1538731417.760977 clock_gettime(CLOCK_BOOTTIME, {tv_sec=66048, tv_nsec=19903492}) = 0
1538731417.761022 clock_gettime(CLOCK_BOOTTIME, {tv_sec=66048, tv_nsec=19947433}) = 0
1538731417.761065 select(7, [3 4], [5], NULL, NULL) = 1 (out [5])
1538731417.761131 clock_gettime(CLOCK_BOOTTIME, {tv_sec=66048, tv_nsec=20056149}) = 0
1538731417.761174 write(5, "p", 1)      = 1
1538731417.761582 clock_gettime(CLOCK_BOOTTIME, {tv_sec=66048, tv_nsec=20509491}) = 0
1538731417.761634 clock_gettime(CLOCK_BOOTTIME, {tv_sec=66048, tv_nsec=20559291}) = 0
1538731417.761677 select(7, [3 4], [], NULL, NULL) = 1 (in [4])
1538731417.896926 clock_gettime(CLOCK_BOOTTIME, {tv_sec=66048, tv_nsec=155957810}) = 0
1538731417.897285 read(4, "w", 16384)   = 1
1538731417.897785 getpid()              = 66714
1538731417.898048 clock_gettime(CLOCK_BOOTTIME, {tv_sec=66048, tv_nsec=157050611}) = 0
1538731417.898371 clock_gettime(CLOCK_BOOTTIME, {tv_sec=66048, tv_nsec=157340021}) = 0
1538731417.898696 select(7, [3 4], [3], NULL, NULL) = 1 (out [3])
1538731417.899048 clock_gettime(CLOCK_BOOTTIME, {tv_sec=66048, tv_nsec=158062036}) = 0
1538731417.899401 write(3, "\226O\31\356\331\353\275\243a\377\344S\261o\374\6e\217\201\273^\250\0006/\347\"e\30\343)u"..., 36) = 36
1538731417.899721 clock_gettime(CLOCK_BOOTTIME, {tv_sec=66048, tv_nsec=158757663}) = 0
1538731417.900211 clock_gettime(CLOCK_BOOTTIME, {tv_sec=66048, tv_nsec=159195401}) = 0
1538731417.900422 select(7, [3 4], [], NULL, NULL) = 1 (in [3])
1538731417.900657 clock_gettime(CLOCK_BOOTTIME, {tv_sec=66048, tv_nsec=159596617}) = 0
1538731417.900752 read(3, "\27\22\347\367\332G\246\322H\16\355\370\272\243Z\253\237\246\234\210\214~\254/\256\\\235\311\202\3\331\300"..., 8192) = 36
1538731417.900866 clock_gettime(CLOCK_BOOTTIME, {tv_sec=66048, tv_nsec=159805664}) = 0
1538731417.901041 clock_gettime(CLOCK_BOOTTIME, {tv_sec=66048, tv_nsec=159994565}) = 0
1538731417.901163 select(7, [3 4], [5], NULL, NULL) = 1 (out [5])
1538731417.901274 clock_gettime(CLOCK_BOOTTIME, {tv_sec=66048, tv_nsec=160212756}) = 0
1538731417.901375 write(5, "w", 1)      = 1
1538731417.901449 clock_gettime(CLOCK_BOOTTIME, {tv_sec=66048, tv_nsec=160369862}) = 0
1538731417.901474 clock_gettime(CLOCK_BOOTTIME, {tv_sec=66048, tv_nsec=160392974}) = 0
1538731417.901492 select(7, [3 4], [], NULL, NULL) = 1 (in [4])
1538731418.052886 clock_gettime(CLOCK_BOOTTIME, {tv_sec=66048, tv_nsec=312091932}) = 0
1538731418.053755 read(4, "d", 16384)   = 1
1538731418.054547 getpid()              = 66714
1538731418.055317 clock_gettime(CLOCK_BOOTTIME, {tv_sec=66048, tv_nsec=314429895}) = 0
1538731418.056093 clock_gettime(CLOCK_BOOTTIME, {tv_sec=66048, tv_nsec=315203626}) = 0
1538731418.056874 select(7, [3 4], [3], NULL, NULL) = 1 (out [3])
1538731418.057740 clock_gettime(CLOCK_BOOTTIME, {tv_sec=66048, tv_nsec=316919278}) = 0
1538731418.058585 write(3, "|\201\376\367\255\371\3022\206\206\330'S\2764\267\325\276\4\345E\327\242\274\22\334\2\354e\33\t,"..., 36) = 36
1538731418.059630 clock_gettime(CLOCK_BOOTTIME, {tv_sec=66048, tv_nsec=318751054}) = 0
1538731418.060723 clock_gettime(CLOCK_BOOTTIME, {tv_sec=66048, tv_nsec=319927662}) = 0
1538731418.061617 select(7, [3 4], [], NULL, NULL) = 1 (in [3])
1538731418.062482 clock_gettime(CLOCK_BOOTTIME, {tv_sec=66048, tv_nsec=321599000}) = 0
1538731418.063302 read(3, "\340\310\236\335\322Z\241\224F\347SI\341\352\344HJ\316.6avX\306\\\0222\4\0241L\314"..., 8192) = 36
1538731418.064203 clock_gettime(CLOCK_BOOTTIME, {tv_sec=66048, tv_nsec=323284842}) = 0
1538731418.064997 clock_gettime(CLOCK_BOOTTIME, {tv_sec=66048, tv_nsec=324109729}) = 0
1538731418.065761 select(7, [3 4], [5], NULL, NULL) = 1 (out [5])
1538731418.066651 clock_gettime(CLOCK_BOOTTIME, {tv_sec=66048, tv_nsec=325795576}) = 0
1538731418.067515 write(5, "d", 1)      = 1
1538731418.068605 clock_gettime(CLOCK_BOOTTIME, {tv_sec=66048, tv_nsec=327775591}) = 0
1538731418.070994 clock_gettime(CLOCK_BOOTTIME, {tv_sec=66048, tv_nsec=330116105}) = 0
1538731418.071836 select(7, [3 4], [], NULL, NULL) = 1 (in [4])
1538731418.289328 clock_gettime(CLOCK_BOOTTIME, {tv_sec=66048, tv_nsec=548628984}) = 0
1538731418.289945 read(4, "\r", 16384)  = 1
1538731418.290089 getpid()              = 66714
1538731418.290217 clock_gettime(CLOCK_BOOTTIME, {tv_sec=66048, tv_nsec=549155195}) = 0
1538731418.290446 clock_gettime(CLOCK_BOOTTIME, {tv_sec=66048, tv_nsec=549437917}) = 0
1538731418.290772 select(7, [3 4], [3], NULL, NULL) = 1 (out [3])
1538731418.291303 clock_gettime(CLOCK_BOOTTIME, {tv_sec=66048, tv_nsec=550286568}) = 0
1538731418.291535 write(3, ">hy\314\341u\355\363\350\340\264\0\202F\10#D\272\224\261\314\307\361$\240\33\3c:\"\205\213"..., 36) = 36
1538731418.291839 clock_gettime(CLOCK_BOOTTIME, {tv_sec=66048, tv_nsec=550824243}) = 0
1538731418.292040 clock_gettime(CLOCK_BOOTTIME, {tv_sec=66048, tv_nsec=550989035}) = 0
1538731418.292170 select(7, [3 4], [], NULL, NULL) = 1 (in [3])
1538731418.292539 clock_gettime(CLOCK_BOOTTIME, {tv_sec=66048, tv_nsec=551537642}) = 0
1538731418.292803 read(3, "~(\340#\333\315\351\243\316T\302l\255\314\302\253\354\f\335\247drY\v\263)\222\214\255\31\313X"..., 8192) = 92
1538731418.293009 clock_gettime(CLOCK_BOOTTIME, {tv_sec=66048, tv_nsec=552005397}) = 0
1538731418.293224 clock_gettime(CLOCK_BOOTTIME, {tv_sec=66048, tv_nsec=552288305}) = 0
1538731418.293491 select(7, [3 4], [5], NULL, NULL) = 1 (out [5])
1538731418.293702 clock_gettime(CLOCK_BOOTTIME, {tv_sec=66048, tv_nsec=552685268}) = 0
1538731418.293896 write(5, "\r\n/home/lty\r\n\33]0;lty@cyp-ubuntu:"..., 53) = 53
1538731418.294041 clock_gettime(CLOCK_BOOTTIME, {tv_sec=66048, tv_nsec=552963763}) = 0
1538731418.294066 clock_gettime(CLOCK_BOOTTIME, {tv_sec=66048, tv_nsec=552984042}) = 0
1538731418.294083 select(7, [3 4], [], NULL, NULL) = 1 (in [4])
1538731419.530350 clock_gettime(CLOCK_BOOTTIME, {tv_sec=66049, tv_nsec=789321281}) = 0
1538731419.530756 read(4, "e", 16384)   = 1
1538731419.532068 getpid()              = 66714
1538731419.532852 clock_gettime(CLOCK_BOOTTIME, {tv_sec=66049, tv_nsec=792060969}) = 0
1538731419.533700 clock_gettime(CLOCK_BOOTTIME, {tv_sec=66049, tv_nsec=792802554}) = 0
1538731419.534500 select(7, [3 4], [3], NULL, NULL) = 1 (out [3])
1538731419.536388 clock_gettime(CLOCK_BOOTTIME, {tv_sec=66049, tv_nsec=795504766}) = 0
1538731419.537254 write(3, "qww\30\211\356\271<\37@n\265\336u\32\347:\323Uq)e\17\326N\277+B\234\325,\275"..., 36) = 36
1538731419.538132 clock_gettime(CLOCK_BOOTTIME, {tv_sec=66049, tv_nsec=797341822}) = 0
1538731419.538914 clock_gettime(CLOCK_BOOTTIME, {tv_sec=66049, tv_nsec=798210629}) = 0
1538731419.539868 select(7, [3 4], [], NULL, NULL) = 1 (in [3])
1538731419.540859 clock_gettime(CLOCK_BOOTTIME, {tv_sec=66049, tv_nsec=799953550}) = 0
1538731419.541441 read(3, ")\0274\274\312UR%8\305'\237\27E\37\225i\377\202\24\270\313{\315$K\200\231\357\2576\253"..., 8192) = 36
1538731419.542044 clock_gettime(CLOCK_BOOTTIME, {tv_sec=66049, tv_nsec=801011063}) = 0
1538731419.542397 clock_gettime(CLOCK_BOOTTIME, {tv_sec=66049, tv_nsec=801425330}) = 0
1538731419.542897 select(7, [3 4], [5], NULL, NULL) = 1 (out [5])
1538731419.543487 clock_gettime(CLOCK_BOOTTIME, {tv_sec=66049, tv_nsec=802510270}) = 0
1538731419.544003 write(5, "e", 1)      = 1
1538731419.544690 clock_gettime(CLOCK_BOOTTIME, {tv_sec=66049, tv_nsec=803720260}) = 0
1538731419.545212 clock_gettime(CLOCK_BOOTTIME, {tv_sec=66049, tv_nsec=804282483}) = 0
1538731419.546381 select(7, [3 4], [], NULL, NULL) = 1 (in [4])
1538731420.040852 clock_gettime(CLOCK_BOOTTIME, {tv_sec=66050, tv_nsec=299784387}) = 0
1538731420.041023 read(4, "i", 16384)   = 1
1538731420.041976 getpid()              = 66714
1538731420.042108 clock_gettime(CLOCK_BOOTTIME, {tv_sec=66050, tv_nsec=301051496}) = 0
1538731420.042229 clock_gettime(CLOCK_BOOTTIME, {tv_sec=66050, tv_nsec=301171242}) = 0
1538731420.042345 select(7, [3 4], [3], NULL, NULL) = 1 (out [3])
1538731420.042605 clock_gettime(CLOCK_BOOTTIME, {tv_sec=66050, tv_nsec=301553123}) = 0
1538731420.042736 write(3, "\333\247oB\204\321/U0\4@\360\361\2715R\257\24\27\206\6\366\323\217\263H\\\207\305\241+0"..., 36) = 36
1538731420.042934 clock_gettime(CLOCK_BOOTTIME, {tv_sec=66050, tv_nsec=301880362}) = 0
1538731420.043246 clock_gettime(CLOCK_BOOTTIME, {tv_sec=66050, tv_nsec=302229069}) = 0
1538731420.043605 select(7, [3 4], [], NULL, NULL) = 1 (in [4])
1538731420.105327 clock_gettime(CLOCK_BOOTTIME, {tv_sec=66050, tv_nsec=364357952}) = 0
1538731420.106186 read(4, "x", 16384)   = 1
1538731420.106488 getpid()              = 66714
1538731420.106701 clock_gettime(CLOCK_BOOTTIME, {tv_sec=66050, tv_nsec=365719865}) = 0
1538731420.107054 clock_gettime(CLOCK_BOOTTIME, {tv_sec=66050, tv_nsec=366036752}) = 0
1538731420.107374 select(7, [3 4], [3], NULL, NULL) = 1 (out [3])
1538731420.107773 clock_gettime(CLOCK_BOOTTIME, {tv_sec=66050, tv_nsec=366769601}) = 0
1538731420.108132 write(3, "A$\261\361\25\377\0\270\273\222DcD\242\23\373\342x\202\311\356x\322\365\ra\305W\376\304\242\271"..., 36) = 36
1538731420.108559 clock_gettime(CLOCK_BOOTTIME, {tv_sec=66050, tv_nsec=367562276}) = 0
1538731420.108846 clock_gettime(CLOCK_BOOTTIME, {tv_sec=66050, tv_nsec=367845020}) = 0
1538731420.109138 select(7, [3 4], [], NULL, NULL) = 1 (in [3])
1538731420.127000 clock_gettime(CLOCK_BOOTTIME, {tv_sec=66050, tv_nsec=386001374}) = 0
1538731420.127318 read(3, "H\300(\v\270tS$\207\2003\372\230\234oqj\224\366\7\327\223\3152\v\204\302\272\234<f\22"..., 8192) = 36
1538731420.127687 clock_gettime(CLOCK_BOOTTIME, {tv_sec=66050, tv_nsec=386672000}) = 0
1538731420.127965 clock_gettime(CLOCK_BOOTTIME, {tv_sec=66050, tv_nsec=386936217}) = 0
1538731420.128222 select(7, [3 4], [5], NULL, NULL) = 1 (out [5])
1538731420.128524 clock_gettime(CLOCK_BOOTTIME, {tv_sec=66050, tv_nsec=387497145}) = 0
1538731420.128746 write(5, "ix", 2)     = 2
1538731420.129048 clock_gettime(CLOCK_BOOTTIME, {tv_sec=66050, tv_nsec=388097392}) = 0
1538731420.129481 clock_gettime(CLOCK_BOOTTIME, {tv_sec=66050, tv_nsec=388436825}) = 0
1538731420.129609 select(7, [3 4], [], NULL, NULL) = 1 (in [4])
1538731420.887405 clock_gettime(CLOCK_BOOTTIME, {tv_sec=66051, tv_nsec=146397016}) = 0
1538731420.887725 read(4, "\10", 16384) = 1
1538731420.888025 getpid()              = 66714
1538731420.888292 clock_gettime(CLOCK_BOOTTIME, {tv_sec=66051, tv_nsec=147271201}) = 0
1538731420.888521 clock_gettime(CLOCK_BOOTTIME, {tv_sec=66051, tv_nsec=147504199}) = 0
1538731420.888738 select(7, [3 4], [3], NULL, NULL) = 1 (out [3])
1538731420.889012 clock_gettime(CLOCK_BOOTTIME, {tv_sec=66051, tv_nsec=147952893}) = 0
1538731420.889117 write(3, "\nHP&l\337\336<\232e\341\27^\0%\200I\323g\347\235\226\35\223\256\274\1\247\203\224[\253"..., 36) = 36
1538731420.889400 clock_gettime(CLOCK_BOOTTIME, {tv_sec=66051, tv_nsec=148361680}) = 0
1538731420.889625 clock_gettime(CLOCK_BOOTTIME, {tv_sec=66051, tv_nsec=148590069}) = 0
1538731420.889872 select(7, [3 4], [], NULL, NULL) = 1 (in [3])
1538731420.890023 clock_gettime(CLOCK_BOOTTIME, {tv_sec=66051, tv_nsec=148962472}) = 0
1538731420.890128 read(3, "\234\f\230]\215\213\v\216zaI\300\231\261\251\257\354\204P\275\203\277:\216\212\177\35\217\307\313\273e"..., 8192) = 44
1538731420.890230 clock_gettime(CLOCK_BOOTTIME, {tv_sec=66051, tv_nsec=149178691}) = 0
1538731420.890492 clock_gettime(CLOCK_BOOTTIME, {tv_sec=66051, tv_nsec=149457282}) = 0
1538731420.890636 select(7, [3 4], [5], NULL, NULL) = 1 (out [5])
1538731420.890757 clock_gettime(CLOCK_BOOTTIME, {tv_sec=66051, tv_nsec=149697489}) = 0
1538731420.890864 write(5, "\10\33[K", 4) = 4
1538731420.890933 clock_gettime(CLOCK_BOOTTIME, {tv_sec=66051, tv_nsec=149852777}) = 0
1538731420.890954 clock_gettime(CLOCK_BOOTTIME, {tv_sec=66051, tv_nsec=149872673}) = 0
1538731420.890972 select(7, [3 4], [], NULL, NULL) = 1 (in [4])
1538731421.125258 clock_gettime(CLOCK_BOOTTIME, {tv_sec=66051, tv_nsec=384398817}) = 0
1538731421.125549 read(4, "\10", 16384) = 1
1538731421.125597 getpid()              = 66714
1538731421.125628 clock_gettime(CLOCK_BOOTTIME, {tv_sec=66051, tv_nsec=384550967}) = 0
1538731421.125747 clock_gettime(CLOCK_BOOTTIME, {tv_sec=66051, tv_nsec=384748221}) = 0
1538731421.126159 select(7, [3 4], [3], NULL, NULL) = 1 (out [3])
1538731421.126513 clock_gettime(CLOCK_BOOTTIME, {tv_sec=66051, tv_nsec=385501527}) = 0
1538731421.126906 write(3, "#O\334\350o\355\234A\260\357\341\240\275\3700\244X\273\377~\26rE\22\346\24\342\24\352\31\212\370"..., 36) = 36
1538731421.127361 clock_gettime(CLOCK_BOOTTIME, {tv_sec=66051, tv_nsec=386320001}) = 0
1538731421.127762 clock_gettime(CLOCK_BOOTTIME, {tv_sec=66051, tv_nsec=386809804}) = 0
1538731421.128111 select(7, [3 4], [], NULL, NULL) = 1 (in [3])
1538731421.128457 clock_gettime(CLOCK_BOOTTIME, {tv_sec=66051, tv_nsec=387441005}) = 0
1538731421.129606 read(3, "\232jp\351\376\320\216\265O\210q\332-#\311\22H\225\320\360\254\346\360\f5^\244l\27\20 \36"..., 8192) = 44
1538731421.130253 clock_gettime(CLOCK_BOOTTIME, {tv_sec=66051, tv_nsec=389283225}) = 0
1538731421.130642 clock_gettime(CLOCK_BOOTTIME, {tv_sec=66051, tv_nsec=389693795}) = 0
1538731421.130998 select(7, [3 4], [5], NULL, NULL) = 1 (out [5])
1538731421.131259 clock_gettime(CLOCK_BOOTTIME, {tv_sec=66051, tv_nsec=390244370}) = 0
1538731421.131494 write(5, "\10\33[K", 4) = 4
1538731421.131887 clock_gettime(CLOCK_BOOTTIME, {tv_sec=66051, tv_nsec=390899426}) = 0
1538731421.132236 clock_gettime(CLOCK_BOOTTIME, {tv_sec=66051, tv_nsec=391259821}) = 0
1538731421.132524 select(7, [3 4], [], NULL, NULL) = 1 (in [4])
1538731421.189827 clock_gettime(CLOCK_BOOTTIME, {tv_sec=66051, tv_nsec=448813088}) = 0
1538731421.190238 read(4, "x", 16384)   = 1
1538731421.190360 getpid()              = 66714
1538731421.190550 clock_gettime(CLOCK_BOOTTIME, {tv_sec=66051, tv_nsec=449501248}) = 0
1538731421.190680 clock_gettime(CLOCK_BOOTTIME, {tv_sec=66051, tv_nsec=449624021}) = 0
1538731421.190821 select(7, [3 4], [3], NULL, NULL) = 1 (out [3])
1538731421.191022 clock_gettime(CLOCK_BOOTTIME, {tv_sec=66051, tv_nsec=449962799}) = 0
1538731421.191138 write(3, "\241\307\377f\4q\244K\321\273\377\264)\263]\355\212n\1\365Y\211\344\t\367\26\243\217\374\360\310\241"..., 36) = 36
1538731421.191376 clock_gettime(CLOCK_BOOTTIME, {tv_sec=66051, tv_nsec=450319014}) = 0
1538731421.192026 clock_gettime(CLOCK_BOOTTIME, {tv_sec=66051, tv_nsec=451068611}) = 0
1538731421.192321 select(7, [3 4], [], NULL, NULL) = 1 (in [3])
1538731421.192758 clock_gettime(CLOCK_BOOTTIME, {tv_sec=66051, tv_nsec=451708362}) = 0
1538731421.192953 read(3, "\223V\335\257\\\3G\34\365\333\254\213\312\201\256\371\17n\2039'\27\26k\27\3547a\23\212\272\34"..., 8192) = 36
1538731421.193141 clock_gettime(CLOCK_BOOTTIME, {tv_sec=66051, tv_nsec=452084980}) = 0
1538731421.193292 clock_gettime(CLOCK_BOOTTIME, {tv_sec=66051, tv_nsec=452233829}) = 0
1538731421.193437 select(7, [3 4], [5], NULL, NULL) = 1 (out [5])
1538731421.193649 clock_gettime(CLOCK_BOOTTIME, {tv_sec=66051, tv_nsec=452590682}) = 0
1538731421.193797 write(5, "x", 1)      = 1
1538731421.194045 clock_gettime(CLOCK_BOOTTIME, {tv_sec=66051, tv_nsec=453005342}) = 0
1538731421.194290 clock_gettime(CLOCK_BOOTTIME, {tv_sec=66051, tv_nsec=453251130}) = 0
1538731421.194435 select(7, [3 4], [], NULL, NULL) = 1 (in [4])
1538731421.550411 clock_gettime(CLOCK_BOOTTIME, {tv_sec=66051, tv_nsec=809368058}) = 0
1538731421.550558 read(4, "t", 16384)   = 1
1538731421.550879 getpid()              = 66714
1538731421.551152 clock_gettime(CLOCK_BOOTTIME, {tv_sec=66051, tv_nsec=810130593}) = 0
1538731421.551414 clock_gettime(CLOCK_BOOTTIME, {tv_sec=66051, tv_nsec=810362301}) = 0
1538731421.551669 select(7, [3 4], [3], NULL, NULL) = 1 (out [3])
1538731421.552007 clock_gettime(CLOCK_BOOTTIME, {tv_sec=66051, tv_nsec=811032192}) = 0
1538731421.552414 write(3, "GP{\252\301\266\274T\233k\355\245\22=$\1d\24\205w\377\226P\\\366>\\*@\353\2247"..., 36) = 36
1538731421.552847 clock_gettime(CLOCK_BOOTTIME, {tv_sec=66051, tv_nsec=811794577}) = 0
1538731421.552990 clock_gettime(CLOCK_BOOTTIME, {tv_sec=66051, tv_nsec=811941043}) = 0
1538731421.553224 select(7, [3 4], [], NULL, NULL) = 1 (in [3])
1538731421.553601 clock_gettime(CLOCK_BOOTTIME, {tv_sec=66051, tv_nsec=812611136}) = 0
1538731421.553997 read(3, "\365\314\307\323>\206\26h\36<\351\266\301\237\33>\264\4\271wZ\314\274\246'\206\320X$\37\362R"..., 8192) = 36
1538731421.554379 clock_gettime(CLOCK_BOOTTIME, {tv_sec=66051, tv_nsec=813365980}) = 0
1538731421.554708 clock_gettime(CLOCK_BOOTTIME, {tv_sec=66051, tv_nsec=813691645}) = 0
1538731421.554991 select(7, [3 4], [5], NULL, NULL) = 1 (out [5])
1538731421.555405 clock_gettime(CLOCK_BOOTTIME, {tv_sec=66051, tv_nsec=814402916}) = 0
1538731421.555678 write(5, "t", 1)      = 1
1538731421.556125 clock_gettime(CLOCK_BOOTTIME, {tv_sec=66051, tv_nsec=815070161}) = 0
1538731421.556285 clock_gettime(CLOCK_BOOTTIME, {tv_sec=66051, tv_nsec=815275510}) = 0
1538731421.556669 select(7, [3 4], [], NULL, NULL) = 1 (in [4])
1538731422.146702 clock_gettime(CLOCK_BOOTTIME, {tv_sec=66052, tv_nsec=406223464}) = 0
1538731422.147799 read(4, "\10", 16384) = 1
1538731422.148056 getpid()              = 66714
1538731422.148187 clock_gettime(CLOCK_BOOTTIME, {tv_sec=66052, tv_nsec=407128011}) = 0
1538731422.148342 clock_gettime(CLOCK_BOOTTIME, {tv_sec=66052, tv_nsec=407297027}) = 0
1538731422.148560 select(7, [3 4], [3], NULL, NULL) = 1 (out [3])
1538731422.148699 clock_gettime(CLOCK_BOOTTIME, {tv_sec=66052, tv_nsec=407653869}) = 0
1538731422.148848 write(3, "\350Mx\223p\31z\203[-_!cO\311;\275~\266\357\244\214\201[c\214z|\354\35\3265"..., 36) = 36
1538731422.149242 clock_gettime(CLOCK_BOOTTIME, {tv_sec=66052, tv_nsec=408190400}) = 0
1538731422.149415 clock_gettime(CLOCK_BOOTTIME, {tv_sec=66052, tv_nsec=408362706}) = 0
1538731422.149749 select(7, [3 4], [], NULL, NULL) = 1 (in [3])
1538731422.149998 clock_gettime(CLOCK_BOOTTIME, {tv_sec=66052, tv_nsec=409005287}) = 0
1538731422.150222 read(3, "\362\335i\242\327\212ufBi_E\300\300*\332\4\313\334\263\211\353*\351[\\\256\370[\200T\230"..., 8192) = 44
1538731422.150425 clock_gettime(CLOCK_BOOTTIME, {tv_sec=66052, tv_nsec=409404124}) = 0
1538731422.150648 clock_gettime(CLOCK_BOOTTIME, {tv_sec=66052, tv_nsec=409637423}) = 0
1538731422.150872 select(7, [3 4], [5], NULL, NULL) = 1 (out [5])
1538731422.151140 clock_gettime(CLOCK_BOOTTIME, {tv_sec=66052, tv_nsec=410129822}) = 0
1538731422.151375 write(5, "\10\33[K", 4) = 4
1538731422.151619 clock_gettime(CLOCK_BOOTTIME, {tv_sec=66052, tv_nsec=410594679}) = 0
1538731422.151843 clock_gettime(CLOCK_BOOTTIME, {tv_sec=66052, tv_nsec=410933512}) = 0
1538731422.152216 select(7, [3 4], [], NULL, NULL) = 1 (in [4])
1538731422.507141 clock_gettime(CLOCK_BOOTTIME, {tv_sec=66052, tv_nsec=766144356}) = 0
1538731422.507468 read(4, "i", 16384)   = 1
1538731422.507811 getpid()              = 66714
1538731422.508076 clock_gettime(CLOCK_BOOTTIME, {tv_sec=66052, tv_nsec=767054974}) = 0
1538731422.508355 clock_gettime(CLOCK_BOOTTIME, {tv_sec=66052, tv_nsec=767330939}) = 0
1538731422.508618 select(7, [3 4], [3], NULL, NULL) = 1 (out [3])
1538731422.508870 clock_gettime(CLOCK_BOOTTIME, {tv_sec=66052, tv_nsec=767843398}) = 0
1538731422.509106 write(3, "9\2\361%\5\24\376\352n\33\252p\7\306y\312La\325\337\334\377\334\32\376\314\17I\2753\0\211"..., 36) = 36
1538731422.509380 clock_gettime(CLOCK_BOOTTIME, {tv_sec=66052, tv_nsec=768325031}) = 0
1538731422.509552 clock_gettime(CLOCK_BOOTTIME, {tv_sec=66052, tv_nsec=768501915}) = 0
1538731422.509741 select(7, [3 4], [], NULL, NULL) = 1 (in [3])
1538731422.509931 clock_gettime(CLOCK_BOOTTIME, {tv_sec=66052, tv_nsec=768872495}) = 0
1538731422.510227 read(3, "\0k\212\277\372\2333\201\231>\273xoq\30\10\33\24v\304x\3358\t'\325\215\224\240\t\217n"..., 8192) = 36
1538731422.510355 clock_gettime(CLOCK_BOOTTIME, {tv_sec=66052, tv_nsec=769296951}) = 0
1538731422.510478 clock_gettime(CLOCK_BOOTTIME, {tv_sec=66052, tv_nsec=769419330}) = 0
1538731422.510599 select(7, [3 4], [5], NULL, NULL) = 1 (out [5])
1538731422.510827 clock_gettime(CLOCK_BOOTTIME, {tv_sec=66052, tv_nsec=769768806}) = 0
1538731422.510946 write(5, "i", 1)      = 1
1538731422.511081 clock_gettime(CLOCK_BOOTTIME, {tv_sec=66052, tv_nsec=770001375}) = 0
1538731422.511106 clock_gettime(CLOCK_BOOTTIME, {tv_sec=66052, tv_nsec=770024217}) = 0
1538731422.511124 select(7, [3 4], [], NULL, NULL) = 1 (in [4])
1538731422.633860 clock_gettime(CLOCK_BOOTTIME, {tv_sec=66052, tv_nsec=892959696}) = 0
1538731422.634600 read(4, "t", 16384)   = 1
1538731422.635304 getpid()              = 66714
1538731422.636095 clock_gettime(CLOCK_BOOTTIME, {tv_sec=66052, tv_nsec=895202207}) = 0
1538731422.636901 clock_gettime(CLOCK_BOOTTIME, {tv_sec=66052, tv_nsec=896011063}) = 0
1538731422.637760 select(7, [3 4], [3], NULL, NULL) = 1 (out [3])
1538731422.638574 clock_gettime(CLOCK_BOOTTIME, {tv_sec=66052, tv_nsec=897699941}) = 0
1538731422.639366 write(3, "\5\240 }\212>\336\304pd\f\0267\332\n\237uc\331\216UO\355\304\33\220\0\216\255\241E\246"..., 36) = 36
1538731422.640279 clock_gettime(CLOCK_BOOTTIME, {tv_sec=66052, tv_nsec=899455558}) = 0
1538731422.641169 clock_gettime(CLOCK_BOOTTIME, {tv_sec=66052, tv_nsec=900268280}) = 0
1538731422.642016 select(7, [3 4], [], NULL, NULL) = 1 (in [3])
1538731422.642846 clock_gettime(CLOCK_BOOTTIME, {tv_sec=66052, tv_nsec=901949845}) = 0
1538731422.643625 read(3, "\r\226a\213\"#\312\335\335xr\26\304[O\207\331(1VW\323~\217\236\22\r`\360)\242\347"..., 8192) = 36
1538731422.644445 clock_gettime(CLOCK_BOOTTIME, {tv_sec=66052, tv_nsec=903593165}) = 0
1538731422.645199 clock_gettime(CLOCK_BOOTTIME, {tv_sec=66052, tv_nsec=904324786}) = 0
1538731422.647263 select(7, [3 4], [5], NULL, NULL) = 1 (out [5])
1538731422.648071 clock_gettime(CLOCK_BOOTTIME, {tv_sec=66052, tv_nsec=907131922}) = 0
1538731422.648709 write(5, "t", 1)      = 1
1538731422.649075 clock_gettime(CLOCK_BOOTTIME, {tv_sec=66052, tv_nsec=908013938}) = 0
1538731422.649169 clock_gettime(CLOCK_BOOTTIME, {tv_sec=66052, tv_nsec=908101010}) = 0
1538731422.649237 select(7, [3 4], [], NULL, NULL) = 1 (in [4])
1538731423.186452 clock_gettime(CLOCK_BOOTTIME, {tv_sec=66053, tv_nsec=445375720}) = 0
1538731423.186486 read(4, "\r", 16384)  = 1
1538731423.186524 getpid()              = 66714
1538731423.186549 clock_gettime(CLOCK_BOOTTIME, {tv_sec=66053, tv_nsec=445469186}) = 0
1538731423.186578 clock_gettime(CLOCK_BOOTTIME, {tv_sec=66053, tv_nsec=445498921}) = 0
1538731423.186603 select(7, [3 4], [3], NULL, NULL) = 1 (out [3])
1538731423.186640 clock_gettime(CLOCK_BOOTTIME, {tv_sec=66053, tv_nsec=445560736}) = 0
1538731423.186664 write(3, "\343\310?\"\205\267\\C\302\242&&8\327{\277\314\372\253\325e\273\300jW_7\316\313`\343\345"..., 36) = 36
1538731423.187089 clock_gettime(CLOCK_BOOTTIME, {tv_sec=66053, tv_nsec=446049120}) = 0
1538731423.187327 clock_gettime(CLOCK_BOOTTIME, {tv_sec=66053, tv_nsec=446299826}) = 0
1538731423.187516 select(7, [3 4], [], NULL, NULL) = 1 (in [3])
1538731423.187828 clock_gettime(CLOCK_BOOTTIME, {tv_sec=66053, tv_nsec=446807424}) = 0
1538731423.188139 read(3, "\f\0208\23\241\27\rB=\\\276\261\245m\247\25\216Y\217a\272A \310\241f0\201oM\323{"..., 8192) = 44
1538731423.188520 clock_gettime(CLOCK_BOOTTIME, {tv_sec=66053, tv_nsec=447537705}) = 0
1538731423.188899 clock_gettime(CLOCK_BOOTTIME, {tv_sec=66053, tv_nsec=447904241}) = 0
1538731423.189274 select(7, [3 4], [5], NULL, NULL) = 1 (out [5])
1538731423.189612 clock_gettime(CLOCK_BOOTTIME, {tv_sec=66053, tv_nsec=448603818}) = 0
1538731423.189910 write(5, "\r\n\346\263\250\351\224\200\r\n", 10) = 10
1538731423.190063 clock_gettime(CLOCK_BOOTTIME, {tv_sec=66053, tv_nsec=448986036}) = 0
1538731423.190097 clock_gettime(CLOCK_BOOTTIME, {tv_sec=66053, tv_nsec=449017899}) = 0
1538731423.190122 select(7, [3 4], [], NULL, NULL) = 1 (in [3])
1538731423.255228 clock_gettime(CLOCK_BOOTTIME, {tv_sec=66053, tv_nsec=514260740}) = 0
1538731423.255400 read(3, "\0\272*\261\30s\241\307?t\243IL\376X\34[D\31\365W\355\306y\262s+\36KQ\302-"..., 8192) = 176
1538731423.255545 close(4)              = 0
1538731423.255883 close(5)              = 0
1538731423.256234 clock_gettime(CLOCK_BOOTTIME, {tv_sec=66053, tv_nsec=515233953}) = 0
1538731423.256580 clock_gettime(CLOCK_BOOTTIME, {tv_sec=66053, tv_nsec=515582342}) = 0
1538731423.256926 ioctl(0, TCGETS, {B38400 -opost -isig -icanon -echo ...}) = 0
1538731423.257300 ioctl(0, SNDCTL_TMR_STOP or TCSETSW, {B38400 opost isig icanon echo ...}) = 0
1538731423.257655 ioctl(0, TCGETS, {B38400 opost isig icanon echo ...}) = 0
1538731423.257905 getpid()              = 66714
1538731423.258164 close(6)              = 0
1538731423.258406 select(7, [3], [3], NULL, NULL) = 1 (out [3])
1538731423.258620 clock_gettime(CLOCK_BOOTTIME, {tv_sec=66053, tv_nsec=517567130}) = 0
1538731423.258782 write(3, "\316\17\252To\300\357\225\363Y\322\360\232\345bo|/\356\347*\252\257Tq\224\370\22\304\362\3011"..., 36) = 36
1538731423.259054 rt_sigaction(SIGWINCH, NULL, {sa_handler=0x55f0b49c1290, sa_mask=[], sa_flags=SA_RESTORER, sa_restorer=0x7fc54bb90f20}, 8) = 0
1538731423.259229 rt_sigaction(SIGWINCH, {sa_handler=SIG_DFL, sa_mask=[], sa_flags=SA_RESTORER, sa_restorer=0x7fc54bb90f20}, NULL, 8) = 0
1538731423.259399 getpid()              = 66714
1538731423.259563 write(3, "\376\250\201\326\313q)z\317r\271\277\10\361\271\307\177\v\200\310\253F\337\35\23\331\335\24\25\252(\273"..., 60) = 60
1538731423.259816 ioctl(0, TCGETS, {B38400 opost isig icanon echo ...}) = 0
1538731423.259953 ioctl(1, TCGETS, {B38400 opost isig icanon echo ...}) = 0
1538731423.260114 ioctl(2, TCGETS, {B38400 opost isig icanon echo ...}) = 0
1538731423.260242 write(2, "Connection to 192.168.204.161 cl"..., 39) = 39
1538731423.260419 close(3)              = 0
1538731423.260807 exit_group(0)         = ?
1538731423.261634 +++ exited with 0 +++
