1538638534.254695 select(7, [3 4], [], NULL, NULL) = 1 (in [4])
1538638535.741365 clock_gettime(CLOCK_BOOTTIME, {tv_sec=58207, tv_nsec=951840893}) = 0
1538638535.741474 read(4, "l", 16384)   = 1
1538638535.741649 getpid()              = 64938
1538638535.741718 clock_gettime(CLOCK_BOOTTIME, {tv_sec=58207, tv_nsec=952184322}) = 0
1538638535.741789 clock_gettime(CLOCK_BOOTTIME, {tv_sec=58207, tv_nsec=952253616}) = 0
1538638535.741856 select(7, [3 4], [3], NULL, NULL) = 1 (out [3])
1538638535.742097 clock_gettime(CLOCK_BOOTTIME, {tv_sec=58207, tv_nsec=952916822}) = 0
1538638535.743008 write(3, "\374\373\225\313,=W\325\24\247\363\255\226\2330\232\222\265/\3000\203U\315\212\350\2\35!z>("..., 36) = 36
1538638535.744001 clock_gettime(CLOCK_BOOTTIME, {tv_sec=58207, tv_nsec=954649874}) = 0
1538638535.744997 clock_gettime(CLOCK_BOOTTIME, {tv_sec=58207, tv_nsec=955636756}) = 0
1538638535.745795 select(7, [3 4], [], NULL, NULL) = 1 (in [3])
1538638535.746622 clock_gettime(CLOCK_BOOTTIME, {tv_sec=58207, tv_nsec=957193783}) = 0
1538638535.747087 read(3, "\37[\304K\311\373Y:n\245\207\17\\\276=\325\203\205\320p\375\360\354\310\240KO\226\352U\324\224"..., 8192) = 36
1538638535.747411 clock_gettime(CLOCK_BOOTTIME, {tv_sec=58207, tv_nsec=957941942}) = 0
1538638535.747759 clock_gettime(CLOCK_BOOTTIME, {tv_sec=58207, tv_nsec=958454199}) = 0
1538638535.748264 select(7, [3 4], [5], NULL, NULL) = 1 (out [5])
1538638535.748770 clock_gettime(CLOCK_BOOTTIME, {tv_sec=58207, tv_nsec=959261109}) = 0
1538638535.749036 write(5, "l", 1)      = 1
1538638535.749200 clock_gettime(CLOCK_BOOTTIME, {tv_sec=58207, tv_nsec=959653331}) = 0
1538638535.749225 clock_gettime(CLOCK_BOOTTIME, {tv_sec=58207, tv_nsec=959676889}) = 0
1538638535.749244 select(7, [3 4], [], NULL, NULL) = 1 (in [4])
1538638535.881302 clock_gettime(CLOCK_BOOTTIME, {tv_sec=58208, tv_nsec=91843432}) = 0
1538638535.881666 read(4, "s", 16384)   = 1
1538638535.882098 getpid()              = 64938
1538638535.882372 clock_gettime(CLOCK_BOOTTIME, {tv_sec=58208, tv_nsec=92877910}) = 0
1538638535.882683 clock_gettime(CLOCK_BOOTTIME, {tv_sec=58208, tv_nsec=93216854}) = 0
1538638535.883054 select(7, [3 4], [3], NULL, NULL) = 1 (out [3])
1538638535.883364 clock_gettime(CLOCK_BOOTTIME, {tv_sec=58208, tv_nsec=93898478}) = 0
1538638535.883713 write(3, "\373\376\320Wb\344\215q\316\313\313 \30\36\21\21l\334Ao\342\313\204U\236\347\203g\3401\311\256"..., 36) = 36
1538638535.884044 clock_gettime(CLOCK_BOOTTIME, {tv_sec=58208, tv_nsec=94520227}) = 0
1538638535.884361 clock_gettime(CLOCK_BOOTTIME, {tv_sec=58208, tv_nsec=94863043}) = 0
1538638535.884634 select(7, [3 4], [], NULL, NULL) = 1 (in [3])
1538638535.884926 clock_gettime(CLOCK_BOOTTIME, {tv_sec=58208, tv_nsec=95400392}) = 0
1538638535.885045 read(3, "\374L\337%\22\253\305'\343n0N\10C\374\342l#\246\231C\216\276t\302\31\257\364\253L\0\322"..., 8192) = 36
1538638535.885255 clock_gettime(CLOCK_BOOTTIME, {tv_sec=58208, tv_nsec=95728996}) = 0
1538638535.885374 clock_gettime(CLOCK_BOOTTIME, {tv_sec=58208, tv_nsec=95847644}) = 0
1538638535.885492 select(7, [3 4], [5], NULL, NULL) = 1 (out [5])
1538638535.885686 clock_gettime(CLOCK_BOOTTIME, {tv_sec=58208, tv_nsec=96160628}) = 0
1538638535.885833 write(5, "s", 1)      = 1
1538638535.885909 clock_gettime(CLOCK_BOOTTIME, {tv_sec=58208, tv_nsec=96362265}) = 0
1538638535.885934 clock_gettime(CLOCK_BOOTTIME, {tv_sec=58208, tv_nsec=96385125}) = 0
1538638535.885951 select(7, [3 4], [], NULL, NULL) = 1 (in [4])
1538638536.051906 clock_gettime(CLOCK_BOOTTIME, {tv_sec=58208, tv_nsec=262430941}) = 0
1538638536.052295 read(4, "\r", 16384)  = 1
1538638536.052622 getpid()              = 64938
1538638536.052931 clock_gettime(CLOCK_BOOTTIME, {tv_sec=58208, tv_nsec=263431661}) = 0
1538638536.053184 clock_gettime(CLOCK_BOOTTIME, {tv_sec=58208, tv_nsec=263664801}) = 0
1538638536.053307 select(7, [3 4], [3], NULL, NULL) = 1 (out [3])
1538638536.053442 clock_gettime(CLOCK_BOOTTIME, {tv_sec=58208, tv_nsec=263916535}) = 0
1538638536.053567 write(3, "gG\4\260\3m\351\241\203\3462\224;\312LJ\343\325\307\34<\225\334\271l\336\2464\264/y\301"..., 36) = 36
1538638536.053799 clock_gettime(CLOCK_BOOTTIME, {tv_sec=58208, tv_nsec=264357195}) = 0
1538638536.054185 clock_gettime(CLOCK_BOOTTIME, {tv_sec=58208, tv_nsec=264691948}) = 0
1538638536.054506 select(7, [3 4], [], NULL, NULL) = 1 (in [3])
1538638536.054873 clock_gettime(CLOCK_BOOTTIME, {tv_sec=58208, tv_nsec=265394574}) = 0
1538638536.055149 read(3, "'\371\351\\\352\366 \n\363\224\270\341\335\362\326<\273j\320\17X\355\250\216\356\26\2309\4i\267\322"..., 8192) = 36
1538638536.055413 clock_gettime(CLOCK_BOOTTIME, {tv_sec=58208, tv_nsec=265920898}) = 0
1538638536.055712 clock_gettime(CLOCK_BOOTTIME, {tv_sec=58208, tv_nsec=266254403}) = 0
1538638536.055933 select(7, [3 4], [5], NULL, NULL) = 1 (out [5])
1538638536.056150 clock_gettime(CLOCK_BOOTTIME, {tv_sec=58208, tv_nsec=266637476}) = 0
1538638536.056289 write(5, "\r\n", 2)   = 2
1538638536.056396 clock_gettime(CLOCK_BOOTTIME, {tv_sec=58208, tv_nsec=266849605}) = 0
1538638536.056420 clock_gettime(CLOCK_BOOTTIME, {tv_sec=58208, tv_nsec=266871551}) = 0
1538638536.056438 select(7, [3 4], [], NULL, NULL) = 1 (in [3])
1538638536.057617 clock_gettime(CLOCK_BOOTTIME, {tv_sec=58208, tv_nsec=268274697}) = 0
1538638536.058317 read(3, "R\333\345r\25\236=XJ\236\353\17T\301v4I\20\211,}\200\17\202U1\265(=\260\336u"..., 8192) = 296
1538638536.058837 clock_gettime(CLOCK_BOOTTIME, {tv_sec=58208, tv_nsec=269295491}) = 0
1538638536.058940 clock_gettime(CLOCK_BOOTTIME, {tv_sec=58208, tv_nsec=269488052}) = 0
1538638536.059383 select(7, [3 4], [5], NULL, NULL) = 1 (out [5])
1538638536.060011 clock_gettime(CLOCK_BOOTTIME, {tv_sec=58208, tv_nsec=270514807}) = 0
1538638536.060169 write(5, "examples.desktop  \33[0m\33[01;34m\345\205"..., 225) = 225
1538638536.060314 clock_gettime(CLOCK_BOOTTIME, {tv_sec=58208, tv_nsec=270767475}) = 0
1538638536.060356 clock_gettime(CLOCK_BOOTTIME, {tv_sec=58208, tv_nsec=270807477}) = 0
1538638536.060376 select(7, [3 4], [], NULL, NULL) = 1 (in [4])
1538638537.963580 clock_gettime(CLOCK_BOOTTIME, {tv_sec=58210, tv_nsec=174494039}) = 0
1538638537.964750 read(4, "p", 16384)   = 1
1538638537.965327 getpid()              = 64938
1538638537.965804 clock_gettime(CLOCK_BOOTTIME, {tv_sec=58210, tv_nsec=176393070}) = 0
1538638537.966335 clock_gettime(CLOCK_BOOTTIME, {tv_sec=58210, tv_nsec=176922576}) = 0
1538638537.966879 select(7, [3 4], [3], NULL, NULL) = 1 (out [3])
1538638537.967582 clock_gettime(CLOCK_BOOTTIME, {tv_sec=58210, tv_nsec=178147835}) = 0
1538638537.968120 write(3, "\217\305qjf\n\20\242@+\371\324\332\32\5\337\226\35\355\22\317\361R\363Wb\357\r\21\31\313("..., 36) = 36
1538638537.968863 clock_gettime(CLOCK_BOOTTIME, {tv_sec=58210, tv_nsec=179360482}) = 0
1538638537.969209 clock_gettime(CLOCK_BOOTTIME, {tv_sec=58210, tv_nsec=179751945}) = 0
1538638537.969865 select(7, [3 4], [], NULL, NULL) = 1 (in [3])
1538638537.970589 clock_gettime(CLOCK_BOOTTIME, {tv_sec=58210, tv_nsec=181194764}) = 0
1538638537.971157 read(3, "^\234h\271x\3=R\24\305\22\264\371\\\353zjy\302\315(\336J*\322Sj9\223\245w\t"..., 8192) = 36
1538638537.971971 clock_gettime(CLOCK_BOOTTIME, {tv_sec=58210, tv_nsec=182869265}) = 0
1538638537.972898 clock_gettime(CLOCK_BOOTTIME, {tv_sec=58210, tv_nsec=183522176}) = 0
1538638537.973509 select(7, [3 4], [5], NULL, NULL) = 1 (out [5])
1538638537.974130 clock_gettime(CLOCK_BOOTTIME, {tv_sec=58210, tv_nsec=184724637}) = 0
1538638537.974685 write(5, "p", 1)      = 1
1538638537.975363 clock_gettime(CLOCK_BOOTTIME, {tv_sec=58210, tv_nsec=185906531}) = 0
1538638537.976146 clock_gettime(CLOCK_BOOTTIME, {tv_sec=58210, tv_nsec=186754434}) = 0
1538638537.976772 select(7, [3 4], [], NULL, NULL) = 1 (in [4])
1538638538.101913 clock_gettime(CLOCK_BOOTTIME, {tv_sec=58210, tv_nsec=312570583}) = 0
1538638538.102440 read(4, "w", 16384)   = 1
1538638538.103207 getpid()              = 64938
1538638538.103851 clock_gettime(CLOCK_BOOTTIME, {tv_sec=58210, tv_nsec=314460108}) = 0
1538638538.104529 clock_gettime(CLOCK_BOOTTIME, {tv_sec=58210, tv_nsec=315137306}) = 0
1538638538.105333 select(7, [3 4], [3], NULL, NULL) = 1 (out [3])
1538638538.105888 clock_gettime(CLOCK_BOOTTIME, {tv_sec=58210, tv_nsec=316494366}) = 0
1538638538.106523 write(3, "\263~\323h\231'YF^\326\345\256O\361t\336Go\264l\331\270\2-\377\361\304\247\23\345Nt"..., 36) = 36
1538638538.107331 clock_gettime(CLOCK_BOOTTIME, {tv_sec=58210, tv_nsec=317939051}) = 0
1538638538.108169 clock_gettime(CLOCK_BOOTTIME, {tv_sec=58210, tv_nsec=318776367}) = 0
1538638538.108812 select(7, [3 4], [], NULL, NULL) = 1 (in [3])
1538638538.109540 clock_gettime(CLOCK_BOOTTIME, {tv_sec=58210, tv_nsec=320161248}) = 0
1538638538.110195 read(3, "\326xe\363\272>P%S\331\267\34\342\306r\331\23\207\201W\345\312\0005)\213\324\25\343\206\230\271"..., 8192) = 36
1538638538.110862 clock_gettime(CLOCK_BOOTTIME, {tv_sec=58210, tv_nsec=321652604}) = 0
1538638538.111651 clock_gettime(CLOCK_BOOTTIME, {tv_sec=58210, tv_nsec=322489128}) = 0
1538638538.113720 select(7, [3 4], [5], NULL, NULL) = 1 (out [5])
1538638538.114555 clock_gettime(CLOCK_BOOTTIME, {tv_sec=58210, tv_nsec=325126352}) = 0
1538638538.115451 write(5, "w", 1)      = 1
1538638538.116212 clock_gettime(CLOCK_BOOTTIME, {tv_sec=58210, tv_nsec=326774873}) = 0
1538638538.116835 clock_gettime(CLOCK_BOOTTIME, {tv_sec=58210, tv_nsec=327432620}) = 0
1538638538.117519 select(7, [3 4], [], NULL, NULL) = 1 (in [4])
1538638538.506312 clock_gettime(CLOCK_BOOTTIME, {tv_sec=58210, tv_nsec=716885863}) = 0
1538638538.507193 read(4, "d", 16384)   = 1
1538638538.508295 getpid()              = 64938
1538638538.509013 clock_gettime(CLOCK_BOOTTIME, {tv_sec=58210, tv_nsec=719672232}) = 0
1538638538.509688 clock_gettime(CLOCK_BOOTTIME, {tv_sec=58210, tv_nsec=720262412}) = 0
1538638538.510365 select(7, [3 4], [3], NULL, NULL) = 1 (out [3])
1538638538.511199 clock_gettime(CLOCK_BOOTTIME, {tv_sec=58210, tv_nsec=721777785}) = 0
1538638538.511778 write(3, "\365\2334\236\314\364\265\233\353}\320\301\350\356\232=m\7\365u\222\260\310\306Tp\351e\3478\275\364"..., 36) = 36
1538638538.512566 clock_gettime(CLOCK_BOOTTIME, {tv_sec=58210, tv_nsec=723220120}) = 0
1538638538.513160 clock_gettime(CLOCK_BOOTTIME, {tv_sec=58210, tv_nsec=723953818}) = 0
1538638538.514065 select(7, [3 4], [], NULL, NULL) = 1 (in [3])
1538638538.514951 clock_gettime(CLOCK_BOOTTIME, {tv_sec=58210, tv_nsec=725494374}) = 0
1538638538.515340 read(3, "\354-\343\1r\17\302\2727\rG;\30\331E\21\7\266|\304\316\352r\230\323b<\5\v\331F\335"..., 8192) = 36
1538638538.515850 clock_gettime(CLOCK_BOOTTIME, {tv_sec=58210, tv_nsec=726403621}) = 0
1538638538.516339 clock_gettime(CLOCK_BOOTTIME, {tv_sec=58210, tv_nsec=726897274}) = 0
1538638538.516865 select(7, [3 4], [5], NULL, NULL) = 1 (out [5])
1538638538.517415 clock_gettime(CLOCK_BOOTTIME, {tv_sec=58210, tv_nsec=727973656}) = 0
1538638538.517905 write(5, "d", 1)      = 1
1538638538.518519 clock_gettime(CLOCK_BOOTTIME, {tv_sec=58210, tv_nsec=729082600}) = 0
1538638538.518921 clock_gettime(CLOCK_BOOTTIME, {tv_sec=58210, tv_nsec=729485143}) = 0
1538638538.519528 select(7, [3 4], [], NULL, NULL) = 1 (in [4])
1538638538.682994 clock_gettime(CLOCK_BOOTTIME, {tv_sec=58210, tv_nsec=893696119}) = 0
1538638538.683611 read(4, "\r", 16384)  = 1
1538638538.684147 getpid()              = 64938
1538638538.684413 clock_gettime(CLOCK_BOOTTIME, {tv_sec=58210, tv_nsec=894898386}) = 0
1538638538.684610 clock_gettime(CLOCK_BOOTTIME, {tv_sec=58210, tv_nsec=895172310}) = 0
1538638538.684981 select(7, [3 4], [3], NULL, NULL) = 1 (out [3])
1538638538.685366 clock_gettime(CLOCK_BOOTTIME, {tv_sec=58210, tv_nsec=895925764}) = 0
1538638538.685778 write(3, "\n\264\352\310c\326\374\6\36b\200h@@\234\26759\244\301\317g\377\252\36x=\252k\200\270}"..., 36) = 36
1538638538.686186 clock_gettime(CLOCK_BOOTTIME, {tv_sec=58210, tv_nsec=896716771}) = 0
1538638538.686494 clock_gettime(CLOCK_BOOTTIME, {tv_sec=58210, tv_nsec=897036873}) = 0
1538638538.686764 select(7, [3 4], [], NULL, NULL) = 1 (in [3])
1538638538.686996 clock_gettime(CLOCK_BOOTTIME, {tv_sec=58210, tv_nsec=897508178}) = 0
1538638538.687215 read(3, "'U\213\245\313\17\304\264Q\336\210g\373\276^;w7ED\335W2q2\303\265\250t\303\3664"..., 8192) = 128
1538638538.687390 clock_gettime(CLOCK_BOOTTIME, {tv_sec=58210, tv_nsec=897864453}) = 0
1538638538.687507 clock_gettime(CLOCK_BOOTTIME, {tv_sec=58210, tv_nsec=897980801}) = 0
1538638538.687691 select(7, [3 4], [5], NULL, NULL) = 1 (out [5])
1538638538.687883 clock_gettime(CLOCK_BOOTTIME, {tv_sec=58210, tv_nsec=898383007}) = 0
1538638538.688016 write(5, "\r\n/home/lty\r\n\33]0;lty@cyp-ubuntu:"..., 53) = 53
1538638538.688197 clock_gettime(CLOCK_BOOTTIME, {tv_sec=58210, tv_nsec=898706829}) = 0
1538638538.688540 clock_gettime(CLOCK_BOOTTIME, {tv_sec=58210, tv_nsec=899266308}) = 0
1538638538.689434 select(7, [3 4], [], NULL, NULL) = 1 (in [4])
1538638539.921923 clock_gettime(CLOCK_BOOTTIME, {tv_sec=58212, tv_nsec=132589290}) = 0
1538638539.923029 read(4, "e", 16384)   = 1
1538638539.923850 getpid()              = 64938
1538638539.925045 clock_gettime(CLOCK_BOOTTIME, {tv_sec=58212, tv_nsec=135717233}) = 0
1538638539.925836 clock_gettime(CLOCK_BOOTTIME, {tv_sec=58212, tv_nsec=136472307}) = 0
1538638539.926570 select(7, [3 4], [3], NULL, NULL) = 1 (out [3])
1538638539.927402 clock_gettime(CLOCK_BOOTTIME, {tv_sec=58212, tv_nsec=138078725}) = 0
1538638539.928174 write(3, "Y\206j\203\352D\"\353\201\214J\241\335\243\360\233@_\217\310k\247\321\323%\354*\203o\306S\264"..., 36) = 36
1538638539.929154 clock_gettime(CLOCK_BOOTTIME, {tv_sec=58212, tv_nsec=139750169}) = 0
1538638539.929680 clock_gettime(CLOCK_BOOTTIME, {tv_sec=58212, tv_nsec=140240787}) = 0
1538638539.930272 select(7, [3 4], [], NULL, NULL) = 1 (in [3])
1538638539.931130 clock_gettime(CLOCK_BOOTTIME, {tv_sec=58212, tv_nsec=141720857}) = 0
1538638539.931715 read(3, "V\356^;\231\0J\272\375\340\5?I#\33b\370}j\276)\216R\363\362\222\223\214\337\200/\204"..., 8192) = 36
1538638539.932395 clock_gettime(CLOCK_BOOTTIME, {tv_sec=58212, tv_nsec=143011951}) = 0
1538638539.933150 clock_gettime(CLOCK_BOOTTIME, {tv_sec=58212, tv_nsec=143703415}) = 0
1538638539.933743 select(7, [3 4], [5], NULL, NULL) = 1 (out [5])
1538638539.934604 clock_gettime(CLOCK_BOOTTIME, {tv_sec=58212, tv_nsec=145241717}) = 0
1538638539.935388 write(5, "e", 1)      = 1
1538638539.936562 clock_gettime(CLOCK_BOOTTIME, {tv_sec=58212, tv_nsec=147261696}) = 0
1538638539.937360 clock_gettime(CLOCK_BOOTTIME, {tv_sec=58212, tv_nsec=148001836}) = 0
1538638539.938872 select(7, [3 4], [], NULL, NULL) = 1 (in [4])
1538638540.203389 clock_gettime(CLOCK_BOOTTIME, {tv_sec=58212, tv_nsec=414024782}) = 0
1538638540.204055 read(4, "x", 16384)   = 1
1538638540.204936 getpid()              = 64938
1538638540.205804 clock_gettime(CLOCK_BOOTTIME, {tv_sec=58212, tv_nsec=416449564}) = 0
1538638540.206612 clock_gettime(CLOCK_BOOTTIME, {tv_sec=58212, tv_nsec=417254432}) = 0
1538638540.207393 select(7, [3 4], [3], NULL, NULL) = 1 (out [3])
1538638540.207762 clock_gettime(CLOCK_BOOTTIME, {tv_sec=58212, tv_nsec=418302783}) = 0
1538638540.208134 write(3, "R\16r\313n\16\337^\212LPi\223\324\376\23Y\362\336Y3\217\24\366\2445\225\17\270\2676L"..., 36) = 36
1538638540.208497 clock_gettime(CLOCK_BOOTTIME, {tv_sec=58212, tv_nsec=419016345}) = 0
1538638540.209832 clock_gettime(CLOCK_BOOTTIME, {tv_sec=58212, tv_nsec=420483080}) = 0
1538638540.210441 select(7, [3 4], [], NULL, NULL) = 1 (in [3])
1538638540.210940 clock_gettime(CLOCK_BOOTTIME, {tv_sec=58212, tv_nsec=421442082}) = 0
1538638540.211227 read(3, "&CIa8!U\313\341\222 \362\304\10\203o\f\240\315\256$s\37\330;x\214u\246.vL"..., 8192) = 36
1538638540.211492 clock_gettime(CLOCK_BOOTTIME, {tv_sec=58212, tv_nsec=422056148}) = 0
1538638540.211811 clock_gettime(CLOCK_BOOTTIME, {tv_sec=58212, tv_nsec=422328896}) = 0
1538638540.212093 select(7, [3 4], [5], NULL, NULL) = 1 (out [5])
1538638540.212393 clock_gettime(CLOCK_BOOTTIME, {tv_sec=58212, tv_nsec=422867448}) = 0
1538638540.212595 write(5, "x", 1)      = 1
1538638540.212899 clock_gettime(CLOCK_BOOTTIME, {tv_sec=58212, tv_nsec=423431567}) = 0
1538638540.213157 clock_gettime(CLOCK_BOOTTIME, {tv_sec=58212, tv_nsec=423639583}) = 0
1538638540.213424 select(7, [3 4], [], NULL, NULL) = 1 (in [4])
1538638540.374119 clock_gettime(CLOCK_BOOTTIME, {tv_sec=58212, tv_nsec=584771975}) = 0
1538638540.374876 read(4, "i", 16384)   = 1
1538638540.375609 getpid()              = 64938
1538638540.376166 clock_gettime(CLOCK_BOOTTIME, {tv_sec=58212, tv_nsec=586756687}) = 0
1538638540.376794 clock_gettime(CLOCK_BOOTTIME, {tv_sec=58212, tv_nsec=587400895}) = 0
1538638540.377471 select(7, [3 4], [3], NULL, NULL) = 1 (out [3])
1538638540.378190 clock_gettime(CLOCK_BOOTTIME, {tv_sec=58212, tv_nsec=588799069}) = 0
1538638540.378847 write(3, "\221\376=>~\351\6\357*\22f\207\377\360\357s=\302,\25;#\333\255\6\367y\217{\330\2546"..., 36) = 36
1538638540.379595 clock_gettime(CLOCK_BOOTTIME, {tv_sec=58212, tv_nsec=590208445}) = 0
1538638540.380109 clock_gettime(CLOCK_BOOTTIME, {tv_sec=58212, tv_nsec=590773381}) = 0
1538638540.380829 select(7, [3 4], [], NULL, NULL) = 1 (in [3])
1538638540.382651 clock_gettime(CLOCK_BOOTTIME, {tv_sec=58212, tv_nsec=593270380}) = 0
1538638540.383348 read(3, "\356\274\206\5\221*\0o\23\t&\v\200\311\24\322\n\273Z\341\353\201\314\322\307\372\233\253\245\3434r"..., 8192) = 36
1538638540.384048 clock_gettime(CLOCK_BOOTTIME, {tv_sec=58212, tv_nsec=594656129}) = 0
1538638540.384698 clock_gettime(CLOCK_BOOTTIME, {tv_sec=58212, tv_nsec=595306704}) = 0
1538638540.385375 select(7, [3 4], [5], NULL, NULL) = 1 (out [5])
1538638540.386040 clock_gettime(CLOCK_BOOTTIME, {tv_sec=58212, tv_nsec=596617040}) = 0
1538638540.386602 write(5, "i", 1)      = 1
1538638540.387295 clock_gettime(CLOCK_BOOTTIME, {tv_sec=58212, tv_nsec=597847328}) = 0
1538638540.387922 clock_gettime(CLOCK_BOOTTIME, {tv_sec=58212, tv_nsec=598539728}) = 0
1538638540.388556 select(7, [3 4], [], NULL, NULL) = 1 (in [4])
1538638540.617431 clock_gettime(CLOCK_BOOTTIME, {tv_sec=58212, tv_nsec=828036491}) = 0
1538638540.618060 read(4, "t", 16384)   = 1
1538638540.619120 getpid()              = 64938
1538638540.619745 clock_gettime(CLOCK_BOOTTIME, {tv_sec=58212, tv_nsec=830330759}) = 0
1538638540.620319 clock_gettime(CLOCK_BOOTTIME, {tv_sec=58212, tv_nsec=830972624}) = 0
1538638540.620982 select(7, [3 4], [3], NULL, NULL) = 1 (out [3])
1538638540.622384 clock_gettime(CLOCK_BOOTTIME, {tv_sec=58212, tv_nsec=832921914}) = 0
1538638540.622736 write(3, "\30\30\251\345\364:\273\325\367\vE<\227\2063\213\177Z\34kN1R\241\f\336i\221\24r\254\234"..., 36) = 36
1538638540.623179 clock_gettime(CLOCK_BOOTTIME, {tv_sec=58212, tv_nsec=833683065}) = 0
1538638540.623389 clock_gettime(CLOCK_BOOTTIME, {tv_sec=58212, tv_nsec=833866002}) = 0
1538638540.623645 select(7, [3 4], [], NULL, NULL) = 1 (in [3])
1538638540.624108 clock_gettime(CLOCK_BOOTTIME, {tv_sec=58212, tv_nsec=834656686}) = 0
1538638540.624553 read(3, "\31\254\7\2\223\3\243\32~6\221n\371N\266\234\266\272\371Ys\351\3129O\310>\"\243C\251\200"..., 8192) = 36
1538638540.625004 clock_gettime(CLOCK_BOOTTIME, {tv_sec=58212, tv_nsec=835560593}) = 0
1538638540.625472 clock_gettime(CLOCK_BOOTTIME, {tv_sec=58212, tv_nsec=835981441}) = 0
1538638540.625783 select(7, [3 4], [5], NULL, NULL) = 1 (out [5])
1538638540.626169 clock_gettime(CLOCK_BOOTTIME, {tv_sec=58212, tv_nsec=836725780}) = 0
1538638540.626545 write(5, "t", 1)      = 1
1538638540.626974 clock_gettime(CLOCK_BOOTTIME, {tv_sec=58212, tv_nsec=837621811}) = 0
1538638540.627533 clock_gettime(CLOCK_BOOTTIME, {tv_sec=58212, tv_nsec=838052151}) = 0
1538638540.627935 select(7, [3 4], [], NULL, NULL) = 1 (in [4])
1538638541.870002 clock_gettime(CLOCK_BOOTTIME, {tv_sec=58214, tv_nsec=80507491}) = 0
1538638541.870414 read(4, "\r", 16384)  = 1
1538638541.870702 getpid()              = 64938
1538638541.870879 clock_gettime(CLOCK_BOOTTIME, {tv_sec=58214, tv_nsec=81353887}) = 0
1538638541.871016 clock_gettime(CLOCK_BOOTTIME, {tv_sec=58214, tv_nsec=81561177}) = 0
1538638541.871241 select(7, [3 4], [3], NULL, NULL) = 1 (out [3])
1538638541.871470 clock_gettime(CLOCK_BOOTTIME, {tv_sec=58214, tv_nsec=81993048}) = 0
1538638541.871672 write(3, "\276N\323\254\316\345\356\331;z(\350:\265\17\\<B\312V\312\303\371\370\221\t\365\200\1\365+\10"..., 36) = 36
1538638541.872135 clock_gettime(CLOCK_BOOTTIME, {tv_sec=58214, tv_nsec=82621342}) = 0
1538638541.872305 clock_gettime(CLOCK_BOOTTIME, {tv_sec=58214, tv_nsec=82787220}) = 0
1538638541.872456 select(7, [3 4], [], NULL, NULL) = 1 (in [3])
1538638541.872740 clock_gettime(CLOCK_BOOTTIME, {tv_sec=58214, tv_nsec=83224183}) = 0
1538638541.872948 read(3, "\304\256mF\35\231\301\276\302a`#\214\254`\322$\360e(\322\35\273\344\371A\240/\233\201L\343"..., 8192) = 80
1538638541.873313 clock_gettime(CLOCK_BOOTTIME, {tv_sec=58214, tv_nsec=83816438}) = 0
1538638541.873588 clock_gettime(CLOCK_BOOTTIME, {tv_sec=58214, tv_nsec=84111168}) = 0
1538638541.873811 select(7, [3 4], [5], NULL, NULL) = 1 (out [5])
1538638541.874015 clock_gettime(CLOCK_BOOTTIME, {tv_sec=58214, tv_nsec=84550682}) = 0
1538638541.874265 write(5, "\r\n\346\263\250\351\224\200\r\n", 10) = 10
1538638541.874587 clock_gettime(CLOCK_BOOTTIME, {tv_sec=58214, tv_nsec=85082317}) = 0
1538638541.874781 clock_gettime(CLOCK_BOOTTIME, {tv_sec=58214, tv_nsec=85780637}) = 0
1538638541.876262 select(7, [3 4], [], NULL, NULL) = 1 (in [3])
1538638541.877100 clock_gettime(CLOCK_BOOTTIME, {tv_sec=58214, tv_nsec=87670289}) = 0
1538638541.877593 read(3, "au\222\35\260^\274,\26I\3270\2000\20F\244\5\333k\312N\310P\315Q\34\32K\306ED"..., 8192) = 176
1538638541.878015 close(4)              = 0
1538638541.882921 close(5)              = 0
1538638541.883999 clock_gettime(CLOCK_BOOTTIME, {tv_sec=58214, tv_nsec=94582525}) = 0
1538638541.884447 clock_gettime(CLOCK_BOOTTIME, {tv_sec=58214, tv_nsec=94926101}) = 0
1538638541.884569 ioctl(0, TCGETS, {B38400 -opost -isig -icanon -echo ...}) = 0
1538638541.884909 ioctl(0, SNDCTL_TMR_STOP or TCSETSW, {B38400 opost isig icanon echo ...}) = 0
1538638541.885276 ioctl(0, TCGETS, {B38400 opost isig icanon echo ...}) = 0
1538638541.885626 getpid()              = 64938
1538638541.885966 close(6)              = 0
1538638541.886163 select(7, [3], [3], NULL, NULL) = 1 (out [3])
1538638541.886617 clock_gettime(CLOCK_BOOTTIME, {tv_sec=58214, tv_nsec=97140137}) = 0
1538638541.886961 write(3, "K\3149\363\r),3\26\1777\340g\6\367\23'\270c\260'\362\01687\216.|\310\370\206$"..., 36) = 36
1538638541.887377 rt_sigaction(SIGWINCH, NULL, {sa_handler=0x56171b3a7290, sa_mask=[], sa_flags=SA_RESTORER, sa_restorer=0x7fdf73d1ef20}, 8) = 0
1538638541.887679 rt_sigaction(SIGWINCH, {sa_handler=SIG_DFL, sa_mask=[], sa_flags=SA_RESTORER, sa_restorer=0x7fdf73d1ef20}, NULL, 8) = 0
1538638541.887900 getpid()              = 64938
1538638541.888095 write(3, "W\5\177\355+\311\232\355\365\20\373\32\263y@\27\34\207\251\2228\4<Yi\2370>g \216\223"..., 60) = 60
1538638541.888586 ioctl(0, TCGETS, {B38400 opost isig icanon echo ...}) = 0
1538638541.889184 ioctl(1, TCGETS, {B38400 opost isig icanon echo ...}) = 0
1538638541.889357 ioctl(2, TCGETS, {B38400 opost isig icanon echo ...}) = 0
1538638541.889541 write(2, "Connection to 192.168.204.158 cl"..., 39) = 39
1538638541.890022 close(3)              = 0
1538638541.890507 exit_group(0)         = ?
1538638541.891108 +++ exited with 0 +++
